<?xml version="1.0" encoding="UTF-8"?>
<!-- Generated by org.testng.reporters.JUnitReportReporter -->
<testsuite skipped="0" hostname="B1009809" name="Peugeot.ProductPageTest" tests="16" failures="0" timestamp="04 juin 2019 15:26:44 GMT" time="49.663" errors="0">
  <testcase name="ThePriceInTheProductPageIsEqualToThePriceInThePopoup" time="20.019" classname="Peugeot.ProductPageTest"/>
  <testcase name="ThePriceInTheProductPageIsEqualToThePriceInThePopoup" time="22.436" classname="Peugeot.ProductPageTest"/>
  <testcase name="ThePriceeforeOptionsIsLowerThanTheTTCPrice" time="0.755" classname="Peugeot.ProductPageTest"/>
  <testcase name="ThePriceeforeOptionsIsLowerThanTheTTCPrice" time="0.637" classname="Peugeot.ProductPageTest"/>
  <testcase name="ThePopupPriceDetailsCanBeClosed" time="0.407" classname="Peugeot.ProductPageTest"/>
  <testcase name="ThePopupPriceDetailsCanBeClosed" time="0.406" classname="Peugeot.ProductPageTest"/>
  <testcase name="ThePriceEstimationCanBeOpened" time="0.490" classname="Peugeot.ProductPageTest"/>
  <testcase name="ThePriceEstimationCanBeOpened" time="0.639" classname="Peugeot.ProductPageTest"/>
  <testcase name="ThePriceEstimationCanBeClosed" time="0.407" classname="Peugeot.ProductPageTest"/>
  <testcase name="ThePriceEstimationCanBeClosed" time="0.428" classname="Peugeot.ProductPageTest"/>
  <testcase name="The360ViewIsDisplayed" time="0.340" classname="Peugeot.ProductPageTest"/>
  <testcase name="The360ViewIsDisplayed" time="1.173" classname="Peugeot.ProductPageTest"/>
  <testcase name="TheExternalImageIsDisplayed" time="0.436" classname="Peugeot.ProductPageTest"/>
  <testcase name="TheExternalImageIsDisplayed" time="0.374" classname="Peugeot.ProductPageTest"/>
  <testcase name="TheInternalImageIsDisplayed" time="0.415" classname="Peugeot.ProductPageTest"/>
  <testcase name="TheInternalImageIsDisplayed" time="0.301" classname="Peugeot.ProductPageTest"/>
</testsuite> <!-- Peugeot.ProductPageTest -->
