<?xml version="1.0" encoding="UTF-8"?>
<!-- Generated by org.testng.reporters.JUnitReportReporter -->
<testsuite skipped="20" hostname="B1009809" name="Peugeot.PreProdHomePageComponentsPeugeotFranceTest" tests="20" failures="0" timestamp="17 avr. 2019 13:31:52 GMT" time="0.000" errors="0">
  <testcase name="ThePeugeotLogoIsDisplayed" time="0.000" classname="Peugeot.PreProdHomePageComponentsPeugeotFranceTest">
    <skipped/>
  </testcase> <!-- ThePeugeotLogoIsDisplayed -->
  <testcase name="TheMySaveIconIsDisplayed" time="0.000" classname="Peugeot.PreProdHomePageComponentsPeugeotFranceTest">
    <skipped/>
  </testcase> <!-- TheMySaveIconIsDisplayed -->
  <testcase name="TheMySaveTextIsDisplayed" time="0.000" classname="Peugeot.PreProdHomePageComponentsPeugeotFranceTest">
    <skipped/>
  </testcase> <!-- TheMySaveTextIsDisplayed -->
  <testcase name="TheNeedHelpIconeIsDisplayed" time="0.000" classname="Peugeot.PreProdHomePageComponentsPeugeotFranceTest">
    <skipped/>
  </testcase> <!-- TheNeedHelpIconeIsDisplayed -->
  <testcase name="TheNeedHelpTextIsDisplayed" time="0.000" classname="Peugeot.PreProdHomePageComponentsPeugeotFranceTest">
    <skipped/>
  </testcase> <!-- TheNeedHelpTextIsDisplayed -->
  <testcase name="TheTextUnderThePageTitleIsCorrect" time="0.000" classname="Peugeot.PreProdHomePageComponentsPeugeotFranceTest">
    <skipped/>
  </testcase> <!-- TheTextUnderThePageTitleIsCorrect -->
  <testcase name="GotToHomePageWhenClickingOnThePeugeotLogo" time="0.000" classname="Peugeot.PreProdHomePageComponentsPeugeotFranceTest">
    <skipped/>
  </testcase> <!-- GotToHomePageWhenClickingOnThePeugeotLogo -->
  <testcase name="GotAPopupWhenClickingOnNeedHelpBotton" time="0.000" classname="Peugeot.PreProdHomePageComponentsPeugeotFranceTest">
    <skipped/>
  </testcase> <!-- GotAPopupWhenClickingOnNeedHelpBotton -->
  <testcase name="TheTwiterIconeIsPresent" time="0.000" classname="Peugeot.PreProdHomePageComponentsPeugeotFranceTest">
    <skipped/>
  </testcase> <!-- TheTwiterIconeIsPresent -->
  <testcase name="TheFacebookIconeIsPresent" time="0.000" classname="Peugeot.PreProdHomePageComponentsPeugeotFranceTest">
    <skipped/>
  </testcase> <!-- TheFacebookIconeIsPresent -->
  <testcase name="TheYoutubeIconeIsPresent" time="0.000" classname="Peugeot.PreProdHomePageComponentsPeugeotFranceTest">
    <skipped/>
  </testcase> <!-- TheYoutubeIconeIsPresent -->
  <testcase name="GotTwiterPageWhenClickingTheTwiterIcone" time="0.000" classname="Peugeot.PreProdHomePageComponentsPeugeotFranceTest">
    <skipped/>
  </testcase> <!-- GotTwiterPageWhenClickingTheTwiterIcone -->
  <testcase name="GotFacebookPageWhenClickingTheFacebookIcone" time="0.000" classname="Peugeot.PreProdHomePageComponentsPeugeotFranceTest">
    <skipped/>
  </testcase> <!-- GotFacebookPageWhenClickingTheFacebookIcone -->
  <testcase name="GotYoutubePageWhenClickingTheyoutubeIcone" time="0.000" classname="Peugeot.PreProdHomePageComponentsPeugeotFranceTest">
    <skipped/>
  </testcase> <!-- GotYoutubePageWhenClickingTheyoutubeIcone -->
  <testcase name="TheUserGeneralConditionsTextIsPresent" time="0.000" classname="Peugeot.PreProdHomePageComponentsPeugeotFranceTest">
    <skipped/>
  </testcase> <!-- TheUserGeneralConditionsTextIsPresent -->
  <testcase name="TheSellGeneralConditionsTextIsPresent" time="0.000" classname="Peugeot.PreProdHomePageComponentsPeugeotFranceTest">
    <skipped/>
  </testcase> <!-- TheSellGeneralConditionsTextIsPresent -->
  <testcase name="TheCookiesTextIsPresent" time="0.000" classname="Peugeot.PreProdHomePageComponentsPeugeotFranceTest">
    <skipped/>
  </testcase> <!-- TheCookiesTextIsPresent -->
  <testcase name="GotTheUserGeneralConditionsPDF" time="0.000" classname="Peugeot.PreProdHomePageComponentsPeugeotFranceTest">
    <skipped/>
  </testcase> <!-- GotTheUserGeneralConditionsPDF -->
  <testcase name="GotTheSellGeneralConditionsPDF" time="0.000" classname="Peugeot.PreProdHomePageComponentsPeugeotFranceTest">
    <skipped/>
  </testcase> <!-- GotTheSellGeneralConditionsPDF -->
  <testcase name="GotTheCookiesPopUp" time="0.000" classname="Peugeot.PreProdHomePageComponentsPeugeotFranceTest">
    <skipped/>
  </testcase> <!-- GotTheCookiesPopUp -->
</testsuite> <!-- Peugeot.PreProdHomePageComponentsPeugeotFranceTest -->
