<?xml version="1.0" encoding="UTF-8"?>
<!-- Generated by org.testng.reporters.JUnitReportReporter -->
<testsuite skipped="0" hostname="B1009809" name="DS.LeadsTest" tests="5" failures="0" timestamp="07 juin 2019 14:18:00 GMT" time="90.438" errors="0">
  <testcase name="TheLeadHAvebeenSubmittedForDSFrance" time="15.509" classname="DS.LeadsTest"/>
  <testcase name="TheLeadHAvebeenSubmittedForDSSpain" time="15.160" classname="DS.LeadsTest"/>
  <testcase name="TheLeadHAvebeenSubmittedForDSItaly" time="19.001" classname="DS.LeadsTest"/>
  <testcase name="TheLeadHAvebeenSubmittedForDSBelgiumFR" time="20.612" classname="DS.LeadsTest"/>
  <testcase name="TheLeadHAvebeenSubmittedForDSBelgiumNL" time="20.156" classname="DS.LeadsTest"/>
</testsuite> <!-- DS.LeadsTest -->
