<?xml version="1.0" encoding="UTF-8"?>
<!-- Generated by org.testng.reporters.JUnitReportReporter -->
<testsuite skipped="0" hostname="B1009809" name="Peugeot.ProdHomePageComponentsPeugeotFranceTest" tests="20" failures="0" timestamp="02 mai 2019 15:19:45 GMT" time="40.943" errors="0">
  <testcase name="ThePeugeotLogoIsDisplayed" time="0.254" classname="Peugeot.ProdHomePageComponentsPeugeotFranceTest"/>
  <testcase name="TheMySaveIconIsDisplayed" time="0.068" classname="Peugeot.ProdHomePageComponentsPeugeotFranceTest"/>
  <testcase name="TheMySaveTextIsDisplayed" time="0.056" classname="Peugeot.ProdHomePageComponentsPeugeotFranceTest"/>
  <testcase name="TheNeedHelpIconeIsDisplayed" time="0.044" classname="Peugeot.ProdHomePageComponentsPeugeotFranceTest"/>
  <testcase name="TheNeedHelpTextIsDisplayed" time="0.048" classname="Peugeot.ProdHomePageComponentsPeugeotFranceTest"/>
  <testcase name="TheTextUnderThePageTitleIsCorrect" time="0.068" classname="Peugeot.ProdHomePageComponentsPeugeotFranceTest"/>
  <testcase name="GotToHomePageWhenClickingOnThePeugeotLogo" time="6.894" classname="Peugeot.ProdHomePageComponentsPeugeotFranceTest"/>
  <testcase name="GotAPopupWhenClickingOnNeedHelpBotton" time="3.445" classname="Peugeot.ProdHomePageComponentsPeugeotFranceTest"/>
  <testcase name="TheTwiterIconeIsPresent" time="0.068" classname="Peugeot.ProdHomePageComponentsPeugeotFranceTest"/>
  <testcase name="TheFacebookIconeIsPresent" time="0.040" classname="Peugeot.ProdHomePageComponentsPeugeotFranceTest"/>
  <testcase name="TheYoutubeIconeIsPresent" time="0.048" classname="Peugeot.ProdHomePageComponentsPeugeotFranceTest"/>
  <testcase name="GotTwiterPageWhenClickingTheTwiterIcone" time="5.007" classname="Peugeot.ProdHomePageComponentsPeugeotFranceTest"/>
  <testcase name="GotFacebookPageWhenClickingTheFacebookIcone" time="8.139" classname="Peugeot.ProdHomePageComponentsPeugeotFranceTest"/>
  <testcase name="GotYoutubePageWhenClickingTheyoutubeIcone" time="5.431" classname="Peugeot.ProdHomePageComponentsPeugeotFranceTest"/>
  <testcase name="TheUserGeneralConditionsTextIsPresent" time="0.120" classname="Peugeot.ProdHomePageComponentsPeugeotFranceTest"/>
  <testcase name="TheSellGeneralConditionsTextIsPresent" time="0.048" classname="Peugeot.ProdHomePageComponentsPeugeotFranceTest"/>
  <testcase name="TheCookiesTextIsPresent" time="0.048" classname="Peugeot.ProdHomePageComponentsPeugeotFranceTest"/>
  <testcase name="GotTheUserGeneralConditionsPDF" time="3.424" classname="Peugeot.ProdHomePageComponentsPeugeotFranceTest"/>
  <testcase name="GotTheSellGeneralConditionsPDF" time="3.471" classname="Peugeot.ProdHomePageComponentsPeugeotFranceTest"/>
  <testcase name="GotTheCookiesPopUp" time="4.222" classname="Peugeot.ProdHomePageComponentsPeugeotFranceTest"/>
</testsuite> <!-- Peugeot.ProdHomePageComponentsPeugeotFranceTest -->
