<?xml version="1.0" encoding="UTF-8"?>
<!-- Generated by org.testng.reporters.JUnitReportReporter -->
<testsuite skipped="0" hostname="B1009809" name="Peugeot.ProdHomePageComponentsPeugeotFranceTest" tests="20" failures="0" timestamp="30 avr. 2019 08:46:47 GMT" time="33.770" errors="0">
  <testcase name="ThePeugeotLogoIsDisplayed" time="0.091" classname="Peugeot.ProdHomePageComponentsPeugeotFranceTest"/>
  <testcase name="TheMySaveIconIsDisplayed" time="0.055" classname="Peugeot.ProdHomePageComponentsPeugeotFranceTest"/>
  <testcase name="TheMySaveTextIsDisplayed" time="0.077" classname="Peugeot.ProdHomePageComponentsPeugeotFranceTest"/>
  <testcase name="TheNeedHelpIconeIsDisplayed" time="0.043" classname="Peugeot.ProdHomePageComponentsPeugeotFranceTest"/>
  <testcase name="TheNeedHelpTextIsDisplayed" time="0.048" classname="Peugeot.ProdHomePageComponentsPeugeotFranceTest"/>
  <testcase name="TheTextUnderThePageTitleIsCorrect" time="0.088" classname="Peugeot.ProdHomePageComponentsPeugeotFranceTest"/>
  <testcase name="GotToHomePageWhenClickingOnThePeugeotLogo" time="6.025" classname="Peugeot.ProdHomePageComponentsPeugeotFranceTest"/>
  <testcase name="GotAPopupWhenClickingOnNeedHelpBotton" time="3.555" classname="Peugeot.ProdHomePageComponentsPeugeotFranceTest"/>
  <testcase name="TheTwiterIconeIsPresent" time="0.070" classname="Peugeot.ProdHomePageComponentsPeugeotFranceTest"/>
  <testcase name="TheFacebookIconeIsPresent" time="0.038" classname="Peugeot.ProdHomePageComponentsPeugeotFranceTest"/>
  <testcase name="TheYoutubeIconeIsPresent" time="0.057" classname="Peugeot.ProdHomePageComponentsPeugeotFranceTest"/>
  <testcase name="GotTwiterPageWhenClickingTheTwiterIcone" time="4.003" classname="Peugeot.ProdHomePageComponentsPeugeotFranceTest"/>
  <testcase name="GotFacebookPageWhenClickingTheFacebookIcone" time="3.845" classname="Peugeot.ProdHomePageComponentsPeugeotFranceTest"/>
  <testcase name="GotYoutubePageWhenClickingTheyoutubeIcone" time="4.303" classname="Peugeot.ProdHomePageComponentsPeugeotFranceTest"/>
  <testcase name="TheUserGeneralConditionsTextIsPresent" time="0.106" classname="Peugeot.ProdHomePageComponentsPeugeotFranceTest"/>
  <testcase name="TheSellGeneralConditionsTextIsPresent" time="0.067" classname="Peugeot.ProdHomePageComponentsPeugeotFranceTest"/>
  <testcase name="TheCookiesTextIsPresent" time="0.045" classname="Peugeot.ProdHomePageComponentsPeugeotFranceTest"/>
  <testcase name="GotTheUserGeneralConditionsPDF" time="3.470" classname="Peugeot.ProdHomePageComponentsPeugeotFranceTest"/>
  <testcase name="GotTheSellGeneralConditionsPDF" time="3.519" classname="Peugeot.ProdHomePageComponentsPeugeotFranceTest"/>
  <testcase name="GotTheCookiesPopUp" time="4.265" classname="Peugeot.ProdHomePageComponentsPeugeotFranceTest"/>
</testsuite> <!-- Peugeot.ProdHomePageComponentsPeugeotFranceTest -->
