<?xml version="1.0" encoding="UTF-8"?>
<!-- Generated by org.testng.reporters.JUnitReportReporter -->
<testsuite skipped="0" hostname="B1009809" name="Citroën.HPCompFrTest" tests="22" failures="0" timestamp="04 Jun 2019 15:58:12 GMT" time="40.104" errors="0">
  <testcase name="ThePageTitleisCorrect" time="0.067" classname="Citroën.HPCompFrTest"/>
  <testcase name="ThePageTitleBrandisCorrect" time="0.139" classname="Citroën.HPCompFrTest"/>
  <testcase name="ThePeugeotLogoIsDisplayed" time="0.200" classname="Citroën.HPCompFrTest"/>
  <testcase name="TheTextUnderThePageTitleIsCorrect" time="0.152" classname="Citroën.HPCompFrTest"/>
  <testcase name="GotToHomePageWhenClickingOnTheCitënLogo" time="5.808" classname="Citroën.HPCompFrTest"/>
  <testcase name="TheFacebookIconeIsPresent" time="0.080" classname="Citroën.HPCompFrTest"/>
  <testcase name="GotFacebookPageWhenClickingTheFacebookIcone" time="3.957" classname="Citroën.HPCompFrTest"/>
  <testcase name="TheUserGeneralConditionsTextIsPresent" time="0.080" classname="Citroën.HPCompFrTest"/>
  <testcase name="TheCookiesTextIsPresent" time="0.116" classname="Citroën.HPCompFrTest"/>
  <testcase name="GotTheUserGeneralConditionsPDF" time="11.716" classname="Citroën.HPCompFrTest"/>
  <testcase name="GotTheCookiesPopUp" time="3.549" classname="Citroën.HPCompFrTest"/>
  <testcase name="TheMySaveIconIsDisplayed" time="0.076" classname="Citroën.HPCompFrTest"/>
  <testcase name="TheMySaveTextIsDisplayed" time="0.076" classname="Citroën.HPCompFrTest"/>
  <testcase name="TheNeedHelpIconeIsDisplayed" time="0.076" classname="Citroën.HPCompFrTest"/>
  <testcase name="TheNeedHelpTextIsDisplayed" time="0.085" classname="Citroën.HPCompFrTest"/>
  <testcase name="GotAPopupWhenClickingOnNeedHelpBotton" time="3.509" classname="Citroën.HPCompFrTest"/>
  <testcase name="TheTwiterIconeIsPresent" time="0.080" classname="Citroën.HPCompFrTest"/>
  <testcase name="TheYoutubeIconeIsPresent" time="0.064" classname="Citroën.HPCompFrTest"/>
  <testcase name="GotTwiterPageWhenClickingTheTwiterIcone" time="3.405" classname="Citroën.HPCompFrTest"/>
  <testcase name="GotYoutubePageWhenClickingTheyoutubeIcone" time="3.361" classname="Citroën.HPCompFrTest"/>
  <testcase name="TheSellGeneralConditionsTextIsPresent" time="0.100" classname="Citroën.HPCompFrTest"/>
  <testcase name="GotTheSellGeneralConditionsPDF" time="3.408" classname="Citroën.HPCompFrTest"/>
</testsuite> <!-- Citroën.HPCompFrTest -->
