<?xml version="1.0" encoding="UTF-8"?>
<!-- Generated by org.testng.reporters.JUnitReportReporter -->
<testsuite skipped="0" hostname="B1009809" name="Peugeot.LeadsTest" tests="5" failures="0" timestamp="07 juin 2019 14:18:00 GMT" time="95.064" errors="0">
  <testcase name="TheLeadHAvebeenSubmittedForPeugeotFrance" time="22.313" classname="Peugeot.LeadsTest"/>
  <testcase name="TheLeadHAvebeenSubmittedForPeugeotSpain" time="13.660" classname="Peugeot.LeadsTest"/>
  <testcase name="TheLeadHAvebeenSubmittedForPeugeotItaly" time="23.745" classname="Peugeot.LeadsTest"/>
  <testcase name="TheLeadHAvebeenSubmittedForPeugeotBelgiumFR" time="17.715" classname="Peugeot.LeadsTest"/>
  <testcase name="TheLeadHAvebeenSubmittedForPeugeotBelgiumNL" time="17.631" classname="Peugeot.LeadsTest"/>
</testsuite> <!-- Peugeot.LeadsTest -->
