<?xml version="1.0" encoding="UTF-8"?>
<!-- Generated by org.testng.reporters.JUnitReportReporter -->
<testsuite skipped="0" hostname="B1009809" name="DS.HPCompESTest" tests="16" failures="2" timestamp="22 May 2019 08:18:56 GMT" time="30.625" errors="0">
  <testcase name="ThePageTitleisCorrect" time="0.068" classname="DS.HPCompESTest"/>
  <testcase name="ThePageTitleBrandisCorrect" time="0.370" classname="DS.HPCompESTest"/>
  <testcase name="ThePeugeotLogoIsDisplayed" time="0.120" classname="DS.HPCompESTest"/>
  <testcase name="TheTextUnderThePageTitleIsCorrect" time="0.341" classname="DS.HPCompESTest"/>
  <testcase name="GotToHomePageWhenClickingOnTheCitÃ«nLogo" time="5.037" classname="DS.HPCompESTest"/>
  <testcase name="TheFacebookIconeIsPresent" time="0.248" classname="DS.HPCompESTest"/>
  <testcase name="GotFacebookPageWhenClickingTheFacebookIcone" time="3.796" classname="DS.HPCompESTest">
    <failure type="java.lang.AssertionError">
      <![CDATA[java.lang.AssertionError
at DS.HPCompESTest.GotFacebookPageWhenClickingTheFacebookIcone(HPCompESTest.java:77)
at sun.reflect.NativeMethodAccessorImpl.invoke0(Native Method)
at sun.reflect.NativeMethodAccessorImpl.invoke(NativeMethodAccessorImpl.java:62)
at sun.reflect.DelegatingMethodAccessorImpl.invoke(DelegatingMethodAccessorImpl.java:43)
at java.lang.reflect.Method.invoke(Method.java:498)
at org.testng.internal.MethodInvocationHelper.invokeMethod(MethodInvocationHelper.java:124)
at org.testng.internal.Invoker.invokeMethod(Invoker.java:580)
at org.testng.internal.Invoker.invokeTestMethod(Invoker.java:716)
at org.testng.internal.Invoker.invokeTestMethods(Invoker.java:988)
at org.testng.internal.TestMethodWorker.invokeTestMethods(TestMethodWorker.java:125)
at org.testng.internal.TestMethodWorker.run(TestMethodWorker.java:109)
at java.util.concurrent.ThreadPoolExecutor.runWorker(ThreadPoolExecutor.java:1149)
at java.util.concurrent.ThreadPoolExecutor$Worker.run(ThreadPoolExecutor.java:624)
at java.lang.Thread.run(Thread.java:748)
]]>
    </failure>
  </testcase> <!-- GotFacebookPageWhenClickingTheFacebookIcone -->
  <testcase name="TheUserGeneralConditionsTextIsPresent" time="0.172" classname="DS.HPCompESTest"/>
  <testcase name="TheCookiesTextIsPresent" time="0.104" classname="DS.HPCompESTest"/>
  <testcase name="GotTheUserGeneralConditionsPage" time="3.352" classname="DS.HPCompESTest">
    <failure type="java.lang.AssertionError">
      <![CDATA[java.lang.AssertionError
at DS.HPCompESTest.GotTheUserGeneralConditionsPage(HPCompESTest.java:105)
at sun.reflect.NativeMethodAccessorImpl.invoke0(Native Method)
at sun.reflect.NativeMethodAccessorImpl.invoke(NativeMethodAccessorImpl.java:62)
at sun.reflect.DelegatingMethodAccessorImpl.invoke(DelegatingMethodAccessorImpl.java:43)
at java.lang.reflect.Method.invoke(Method.java:498)
at org.testng.internal.MethodInvocationHelper.invokeMethod(MethodInvocationHelper.java:124)
at org.testng.internal.Invoker.invokeMethod(Invoker.java:580)
at org.testng.internal.Invoker.invokeTestMethod(Invoker.java:716)
at org.testng.internal.Invoker.invokeTestMethods(Invoker.java:988)
at org.testng.internal.TestMethodWorker.invokeTestMethods(TestMethodWorker.java:125)
at org.testng.internal.TestMethodWorker.run(TestMethodWorker.java:109)
at java.util.concurrent.ThreadPoolExecutor.runWorker(ThreadPoolExecutor.java:1149)
at java.util.concurrent.ThreadPoolExecutor$Worker.run(ThreadPoolExecutor.java:624)
at java.lang.Thread.run(Thread.java:748)
]]>
    </failure>
  </testcase> <!-- GotTheUserGeneralConditionsPage -->
  <testcase name="GotTheUserGeneralConditionsPDF" time="3.505" classname="DS.HPCompESTest"/>
  <testcase name="GotTheCookiesPopUp" time="3.573" classname="DS.HPCompESTest"/>
  <testcase name="TheTwiterIconeIsPresent" time="0.084" classname="DS.HPCompESTest"/>
  <testcase name="TheYoutubeIconeIsPresent" time="0.103" classname="DS.HPCompESTest"/>
  <testcase name="GotTwiterPageWhenClickingTheTwiterIcone" time="4.456" classname="DS.HPCompESTest"/>
  <testcase name="GotYoutubePageWhenClickingTheyoutubeIcone" time="5.296" classname="DS.HPCompESTest"/>
</testsuite> <!-- DS.HPCompESTest -->
