<?xml version="1.0" encoding="UTF-8"?>
<!-- Generated by org.testng.reporters.JUnitReportReporter -->
<testsuite skipped="0" hostname="B1009809" name="Peugeot.PreprodHomePagetestFranceTest" tests="2" failures="0" timestamp="10 avr. 2019 12:59:43 GMT" time="73.323" errors="0">
  <testcase name="TheNumberOfofferschangeWhenChosingAModelAndLocation" time="46.781" classname="Peugeot.PreprodHomePagetestFranceTest"/>
  <testcase name="ThePriceChangesWhenModelChange" time="26.542" classname="Peugeot.PreprodHomePagetestFranceTest"/>
</testsuite> <!-- Peugeot.PreprodHomePagetestFranceTest -->
