<?xml version="1.0" encoding="UTF-8"?>
<!-- Generated by org.testng.reporters.JUnitReportReporter -->
<testsuite skipped="8" hostname="B1009809" name="Peugeot.PreProdHomePageComponentsPeugeotBelgiumNLTest" tests="8" failures="0" timestamp="17 avr. 2019 13:31:52 GMT" time="0.000" errors="0">
  <testcase name="ThePageTitleisCorrect" time="0.000" classname="Peugeot.PreProdHomePageComponentsPeugeotBelgiumNLTest">
    <skipped/>
  </testcase> <!-- ThePageTitleisCorrect -->
  <testcase name="ThePeugeotLogoIsDisplayed" time="0.000" classname="Peugeot.PreProdHomePageComponentsPeugeotBelgiumNLTest">
    <skipped/>
  </testcase> <!-- ThePeugeotLogoIsDisplayed -->
  <testcase name="TheTextUnderThePageTitleIsCorrect" time="0.000" classname="Peugeot.PreProdHomePageComponentsPeugeotBelgiumNLTest">
    <skipped/>
  </testcase> <!-- TheTextUnderThePageTitleIsCorrect -->
  <testcase name="GotToHomePageWhenClickingOnThePeugeotLogo" time="0.000" classname="Peugeot.PreProdHomePageComponentsPeugeotBelgiumNLTest">
    <skipped/>
  </testcase> <!-- GotToHomePageWhenClickingOnThePeugeotLogo -->
  <testcase name="TheYoutubeIconeIsPresent" time="0.000" classname="Peugeot.PreProdHomePageComponentsPeugeotBelgiumNLTest">
    <skipped/>
  </testcase> <!-- TheYoutubeIconeIsPresent -->
  <testcase name="GotYoutubePageWhenClickingTheyoutubeIcone" time="0.000" classname="Peugeot.PreProdHomePageComponentsPeugeotBelgiumNLTest">
    <skipped/>
  </testcase> <!-- GotYoutubePageWhenClickingTheyoutubeIcone -->
  <testcase name="TheUserGeneralConditionsTextIsPresent" time="0.000" classname="Peugeot.PreProdHomePageComponentsPeugeotBelgiumNLTest">
    <skipped/>
  </testcase> <!-- TheUserGeneralConditionsTextIsPresent -->
  <testcase name="GotTheUserGeneralConditionsPage" time="0.000" classname="Peugeot.PreProdHomePageComponentsPeugeotBelgiumNLTest">
    <skipped/>
  </testcase> <!-- GotTheUserGeneralConditionsPage -->
</testsuite> <!-- Peugeot.PreProdHomePageComponentsPeugeotBelgiumNLTest -->
