<?xml version="1.0" encoding="UTF-8"?>
<!-- Generated by org.testng.reporters.JUnitReportReporter -->
<testsuite skipped="0" hostname="B1009809" name="Peugeot.ProdHomePageComponentsPeugeotSpainTest" tests="9" failures="0" timestamp="30 avr. 2019 08:46:47 GMT" time="56.333" errors="0">
  <testcase name="ThePeugeotLogoIsDisplayed" time="0.621" classname="Peugeot.ProdHomePageComponentsPeugeotSpainTest"/>
  <testcase name="TheTextUnderThePageTitleIsCorrect" time="0.072" classname="Peugeot.ProdHomePageComponentsPeugeotSpainTest"/>
  <testcase name="GotToHomePageWhenClickingOnThePeugeotLogo" time="44.860" classname="Peugeot.ProdHomePageComponentsPeugeotSpainTest"/>
  <testcase name="TheFacebookIconeIsPresent" time="0.046" classname="Peugeot.ProdHomePageComponentsPeugeotSpainTest"/>
  <testcase name="GotFacebookPageWhenClickingTheFacebookIcone" time="3.532" classname="Peugeot.ProdHomePageComponentsPeugeotSpainTest"/>
  <testcase name="TheUserGeneralConditionsTextIsPresent" time="0.109" classname="Peugeot.ProdHomePageComponentsPeugeotSpainTest"/>
  <testcase name="TheCookiesTextIsPresent" time="0.041" classname="Peugeot.ProdHomePageComponentsPeugeotSpainTest"/>
  <testcase name="GotTheUserGeneralConditionsPage" time="3.552" classname="Peugeot.ProdHomePageComponentsPeugeotSpainTest"/>
  <testcase name="GotTheCookiesPopUp" time="3.500" classname="Peugeot.ProdHomePageComponentsPeugeotSpainTest"/>
</testsuite> <!-- Peugeot.ProdHomePageComponentsPeugeotSpainTest -->
