<?xml version="1.0" encoding="UTF-8"?>
<!-- Generated by org.testng.reporters.JUnitReportReporter -->
<testsuite skipped="0" hostname="B1009809" name="Peugeot.ProdHomePageComponentsPeugeotFranceTest" tests="20" failures="0" timestamp="11 avr. 2019 13:37:05 GMT" time="32.811" errors="0">
  <testcase name="ThePeugeotLogoIsDisplayed" time="0.120" classname="Peugeot.ProdHomePageComponentsPeugeotFranceTest"/>
  <testcase name="TheMySaveIconIsDisplayed" time="0.065" classname="Peugeot.ProdHomePageComponentsPeugeotFranceTest"/>
  <testcase name="TheMySaveTextIsDisplayed" time="0.063" classname="Peugeot.ProdHomePageComponentsPeugeotFranceTest"/>
  <testcase name="TheNeedHelpIconeIsDisplayed" time="0.053" classname="Peugeot.ProdHomePageComponentsPeugeotFranceTest"/>
  <testcase name="TheNeedHelpTextIsDisplayed" time="0.054" classname="Peugeot.ProdHomePageComponentsPeugeotFranceTest"/>
  <testcase name="TheTextUnderThePageTitleIsCorrect" time="0.083" classname="Peugeot.ProdHomePageComponentsPeugeotFranceTest"/>
  <testcase name="GotToHomePageWhenClickingOnThePeugeotLogo" time="3.817" classname="Peugeot.ProdHomePageComponentsPeugeotFranceTest"/>
  <testcase name="GotAPopupWhenClickingOnNeedHelpBotton" time="3.467" classname="Peugeot.ProdHomePageComponentsPeugeotFranceTest"/>
  <testcase name="TheTwiterIconeIsPresent" time="0.079" classname="Peugeot.ProdHomePageComponentsPeugeotFranceTest"/>
  <testcase name="TheFacebookIconeIsPresent" time="0.053" classname="Peugeot.ProdHomePageComponentsPeugeotFranceTest"/>
  <testcase name="TheYoutubeIconeIsPresent" time="0.066" classname="Peugeot.ProdHomePageComponentsPeugeotFranceTest"/>
  <testcase name="GotTwiterPageWhenClickingTheTwiterIcone" time="4.514" classname="Peugeot.ProdHomePageComponentsPeugeotFranceTest"/>
  <testcase name="GotFacebookPageWhenClickingTheFacebookIcone" time="3.848" classname="Peugeot.ProdHomePageComponentsPeugeotFranceTest"/>
  <testcase name="GotYoutubePageWhenClickingTheyoutubeIcone" time="5.045" classname="Peugeot.ProdHomePageComponentsPeugeotFranceTest"/>
  <testcase name="TheUserGeneralConditionsTextIsPresent" time="0.105" classname="Peugeot.ProdHomePageComponentsPeugeotFranceTest"/>
  <testcase name="TheSellGeneralConditionsTextIsPresent" time="0.046" classname="Peugeot.ProdHomePageComponentsPeugeotFranceTest"/>
  <testcase name="TheCookiesTextIsPresent" time="0.056" classname="Peugeot.ProdHomePageComponentsPeugeotFranceTest"/>
  <testcase name="GotTheUserGeneralConditionsPDF" time="3.485" classname="Peugeot.ProdHomePageComponentsPeugeotFranceTest"/>
  <testcase name="GotTheSellGeneralConditionsPDF" time="3.498" classname="Peugeot.ProdHomePageComponentsPeugeotFranceTest"/>
  <testcase name="GotTheCookiesPopUp" time="4.294" classname="Peugeot.ProdHomePageComponentsPeugeotFranceTest"/>
</testsuite> <!-- Peugeot.ProdHomePageComponentsPeugeotFranceTest -->
