<?xml version="1.0" encoding="UTF-8"?>
<!-- Generated by org.testng.reporters.JUnitReportReporter -->
<testsuite skipped="0" hostname="B1009809" name="Peugeot.ProdHomePageComponentsPeugeotItalyTest" tests="13" failures="0" timestamp="11 avr. 2019 13:37:05 GMT" time="23.017" errors="0">
  <testcase name="ThePeugeotLogoIsDisplayed" time="0.196" classname="Peugeot.ProdHomePageComponentsPeugeotItalyTest"/>
  <testcase name="TheTextUnderThePageTitleIsCorrect" time="0.086" classname="Peugeot.ProdHomePageComponentsPeugeotItalyTest"/>
  <testcase name="GotToHomePageWhenClickingOnThePeugeotLogo" time="2.757" classname="Peugeot.ProdHomePageComponentsPeugeotItalyTest"/>
  <testcase name="TheTwiterIconeIsPresent" time="0.093" classname="Peugeot.ProdHomePageComponentsPeugeotItalyTest"/>
  <testcase name="TheFacebookIconeIsPresent" time="0.051" classname="Peugeot.ProdHomePageComponentsPeugeotItalyTest"/>
  <testcase name="TheYoutubeIconeIsPresent" time="0.042" classname="Peugeot.ProdHomePageComponentsPeugeotItalyTest"/>
  <testcase name="GotTwiterPageWhenClickingTheTwiterIcone" time="4.329" classname="Peugeot.ProdHomePageComponentsPeugeotItalyTest"/>
  <testcase name="GotFacebookPageWhenClickingTheFacebookIcone" time="3.495" classname="Peugeot.ProdHomePageComponentsPeugeotItalyTest"/>
  <testcase name="GotYoutubePageWhenClickingTheyoutubeIcone" time="4.360" classname="Peugeot.ProdHomePageComponentsPeugeotItalyTest"/>
  <testcase name="TheUserGeneralConditionsTextIsPresent" time="0.115" classname="Peugeot.ProdHomePageComponentsPeugeotItalyTest"/>
  <testcase name="TheCookiesTextIsPresent" time="0.038" classname="Peugeot.ProdHomePageComponentsPeugeotItalyTest"/>
  <testcase name="GotTheGeneralInformationPage" time="3.479" classname="Peugeot.ProdHomePageComponentsPeugeotItalyTest"/>
  <testcase name="GotTheCookiesPopUp" time="3.976" classname="Peugeot.ProdHomePageComponentsPeugeotItalyTest"/>
</testsuite> <!-- Peugeot.ProdHomePageComponentsPeugeotItalyTest -->
