<?xml version="1.0" encoding="UTF-8"?>
<!-- Generated by org.testng.reporters.JUnitReportReporter -->
<testsuite skipped="0" hostname="B1009809" name="Peugeot.HPCompItTest" tests="13" failures="0" timestamp="22 May 2019 08:18:56 GMT" time="30.370" errors="0">
  <testcase name="ThePeugeotLogoIsDisplayed" time="0.596" classname="Peugeot.HPCompItTest"/>
  <testcase name="TheTextUnderThePageTitleIsCorrect" time="0.196" classname="Peugeot.HPCompItTest"/>
  <testcase name="GotToHomePageWhenClickingOnThePeugeotLogo" time="6.441" classname="Peugeot.HPCompItTest"/>
  <testcase name="TheTwiterIconeIsPresent" time="0.181" classname="Peugeot.HPCompItTest"/>
  <testcase name="TheFacebookIconeIsPresent" time="0.148" classname="Peugeot.HPCompItTest"/>
  <testcase name="TheYoutubeIconeIsPresent" time="0.068" classname="Peugeot.HPCompItTest"/>
  <testcase name="GotTwiterPageWhenClickingTheTwiterIcone" time="4.972" classname="Peugeot.HPCompItTest"/>
  <testcase name="GotFacebookPageWhenClickingTheFacebookIcone" time="3.455" classname="Peugeot.HPCompItTest"/>
  <testcase name="GotYoutubePageWhenClickingTheyoutubeIcone" time="6.293" classname="Peugeot.HPCompItTest"/>
  <testcase name="TheUserGeneralConditionsTextIsPresent" time="0.120" classname="Peugeot.HPCompItTest"/>
  <testcase name="TheCookiesTextIsPresent" time="0.100" classname="Peugeot.HPCompItTest"/>
  <testcase name="GotTheGeneralInformationPage" time="3.540" classname="Peugeot.HPCompItTest"/>
  <testcase name="GotTheCookiesPopUp" time="4.260" classname="Peugeot.HPCompItTest"/>
</testsuite> <!-- Peugeot.HPCompItTest -->
