<?xml version="1.0" encoding="UTF-8"?>
<!-- Generated by org.testng.reporters.JUnitReportReporter -->
<testsuite skipped="0" hostname="B1009809" name="Peugeot.TestFunctions" tests="1" failures="0" timestamp="30 avr. 2019 15:06:36 GMT" time="17.889" errors="0">
  <testcase name="Thedels" time="17.889" classname="Peugeot.TestFunctions"/>
</testsuite> <!-- Peugeot.TestFunctions -->
