<?xml version="1.0" encoding="UTF-8"?>
<!-- Generated by org.testng.reporters.JUnitReportReporter -->
<testsuite skipped="13" hostname="B1009809" name="Peugeot.PreProdHomePageComponentsPeugeotSpainTest" tests="13" failures="0" timestamp="17 avr. 2019 13:31:52 GMT" time="0.000" errors="0">
  <testcase name="ThePeugeotLogoIsDisplayed" time="0.000" classname="Peugeot.PreProdHomePageComponentsPeugeotSpainTest">
    <skipped/>
  </testcase> <!-- ThePeugeotLogoIsDisplayed -->
  <testcase name="TheTextUnderThePageTitleIsCorrect" time="0.000" classname="Peugeot.PreProdHomePageComponentsPeugeotSpainTest">
    <skipped/>
  </testcase> <!-- TheTextUnderThePageTitleIsCorrect -->
  <testcase name="GotToHomePageWhenClickingOnThePeugeotLogo" time="0.000" classname="Peugeot.PreProdHomePageComponentsPeugeotSpainTest">
    <skipped/>
  </testcase> <!-- GotToHomePageWhenClickingOnThePeugeotLogo -->
  <testcase name="TheTwiterIconeIsPresent" time="0.000" classname="Peugeot.PreProdHomePageComponentsPeugeotSpainTest">
    <skipped/>
  </testcase> <!-- TheTwiterIconeIsPresent -->
  <testcase name="TheFacebookIconeIsPresent" time="0.000" classname="Peugeot.PreProdHomePageComponentsPeugeotSpainTest">
    <skipped/>
  </testcase> <!-- TheFacebookIconeIsPresent -->
  <testcase name="TheYoutubeIconeIsPresent" time="0.000" classname="Peugeot.PreProdHomePageComponentsPeugeotSpainTest">
    <skipped/>
  </testcase> <!-- TheYoutubeIconeIsPresent -->
  <testcase name="GotTwiterPageWhenClickingTheTwiterIcone" time="0.000" classname="Peugeot.PreProdHomePageComponentsPeugeotSpainTest">
    <skipped/>
  </testcase> <!-- GotTwiterPageWhenClickingTheTwiterIcone -->
  <testcase name="GotFacebookPageWhenClickingTheFacebookIcone" time="0.000" classname="Peugeot.PreProdHomePageComponentsPeugeotSpainTest">
    <skipped/>
  </testcase> <!-- GotFacebookPageWhenClickingTheFacebookIcone -->
  <testcase name="GotYoutubePageWhenClickingTheyoutubeIcone" time="0.000" classname="Peugeot.PreProdHomePageComponentsPeugeotSpainTest">
    <skipped/>
  </testcase> <!-- GotYoutubePageWhenClickingTheyoutubeIcone -->
  <testcase name="TheUserGeneralConditionsTextIsPresent" time="0.000" classname="Peugeot.PreProdHomePageComponentsPeugeotSpainTest">
    <skipped/>
  </testcase> <!-- TheUserGeneralConditionsTextIsPresent -->
  <testcase name="TheCookiesTextIsPresent" time="0.000" classname="Peugeot.PreProdHomePageComponentsPeugeotSpainTest">
    <skipped/>
  </testcase> <!-- TheCookiesTextIsPresent -->
  <testcase name="GotTheUserGeneralConditionsPDF" time="0.000" classname="Peugeot.PreProdHomePageComponentsPeugeotSpainTest">
    <skipped/>
  </testcase> <!-- GotTheUserGeneralConditionsPDF -->
  <testcase name="GotTheCookiesPopUp" time="0.000" classname="Peugeot.PreProdHomePageComponentsPeugeotSpainTest">
    <skipped/>
  </testcase> <!-- GotTheCookiesPopUp -->
</testsuite> <!-- Peugeot.PreProdHomePageComponentsPeugeotSpainTest -->
