<?xml version="1.0" encoding="UTF-8"?>
<!-- Generated by org.testng.reporters.JUnitReportReporter -->
<testsuite skipped="0" hostname="B1009809" name="Peugeot.LeadsTest" tests="5" failures="0" timestamp="22 mai 2019 08:25:12 GMT" time="68.982" errors="0">
  <testcase name="TheLeadHAvebeenSubmittedForPeugeotFrance" time="18.536" classname="Peugeot.LeadsTest"/>
  <testcase name="TheLeadHAvebeenSubmittedForPeugeotSpain" time="10.695" classname="Peugeot.LeadsTest"/>
  <testcase name="TheLeadHAvebeenSubmittedForPeugeotItaly" time="12.628" classname="Peugeot.LeadsTest"/>
  <testcase name="TheLeadHAvebeenSubmittedForPeugeotBelgiumFR" time="11.899" classname="Peugeot.LeadsTest"/>
  <testcase name="TheLeadHAvebeenSubmittedForPeugeotBelgiumNL" time="15.224" classname="Peugeot.LeadsTest"/>
</testsuite> <!-- Peugeot.LeadsTest -->
