<?xml version="1.0" encoding="UTF-8"?>
<!-- Generated by org.testng.reporters.JUnitReportReporter -->
<testsuite skipped="0" hostname="B1009809" name="Peugeot.ProdHomePageComponentsPeugeotItalyTest" tests="13" failures="0" timestamp="30 avr. 2019 08:46:47 GMT" time="29.011" errors="0">
  <testcase name="ThePeugeotLogoIsDisplayed" time="0.394" classname="Peugeot.ProdHomePageComponentsPeugeotItalyTest"/>
  <testcase name="TheTextUnderThePageTitleIsCorrect" time="0.095" classname="Peugeot.ProdHomePageComponentsPeugeotItalyTest"/>
  <testcase name="GotToHomePageWhenClickingOnThePeugeotLogo" time="8.530" classname="Peugeot.ProdHomePageComponentsPeugeotItalyTest"/>
  <testcase name="TheTwiterIconeIsPresent" time="0.067" classname="Peugeot.ProdHomePageComponentsPeugeotItalyTest"/>
  <testcase name="TheFacebookIconeIsPresent" time="0.041" classname="Peugeot.ProdHomePageComponentsPeugeotItalyTest"/>
  <testcase name="TheYoutubeIconeIsPresent" time="0.041" classname="Peugeot.ProdHomePageComponentsPeugeotItalyTest"/>
  <testcase name="GotTwiterPageWhenClickingTheTwiterIcone" time="4.152" classname="Peugeot.ProdHomePageComponentsPeugeotItalyTest"/>
  <testcase name="GotFacebookPageWhenClickingTheFacebookIcone" time="3.489" classname="Peugeot.ProdHomePageComponentsPeugeotItalyTest"/>
  <testcase name="GotYoutubePageWhenClickingTheyoutubeIcone" time="4.412" classname="Peugeot.ProdHomePageComponentsPeugeotItalyTest"/>
  <testcase name="TheUserGeneralConditionsTextIsPresent" time="0.114" classname="Peugeot.ProdHomePageComponentsPeugeotItalyTest"/>
  <testcase name="TheCookiesTextIsPresent" time="0.044" classname="Peugeot.ProdHomePageComponentsPeugeotItalyTest"/>
  <testcase name="GotTheGeneralInformationPage" time="3.460" classname="Peugeot.ProdHomePageComponentsPeugeotItalyTest"/>
  <testcase name="GotTheCookiesPopUp" time="4.172" classname="Peugeot.ProdHomePageComponentsPeugeotItalyTest"/>
</testsuite> <!-- Peugeot.ProdHomePageComponentsPeugeotItalyTest -->
