<?xml version="1.0" encoding="UTF-8"?>
<!-- Generated by org.testng.reporters.JUnitReportReporter -->
<testsuite skipped="0" hostname="B1009809" name="Peugeot.HPCompFrTest" tests="21" failures="0" timestamp="22 May 2019 08:18:56 GMT" time="47.349" errors="0">
  <testcase name="ThePageTitleisCorrect" time="2.512" classname="Peugeot.HPCompFrTest"/>
  <testcase name="ThePeugeotLogoIsDisplayed" time="0.104" classname="Peugeot.HPCompFrTest"/>
  <testcase name="TheTextUnderThePageTitleIsCorrect" time="0.096" classname="Peugeot.HPCompFrTest"/>
  <testcase name="GotToHomePageWhenClickingOnThePeugeotLogo" time="7.829" classname="Peugeot.HPCompFrTest"/>
  <testcase name="TheFacebookIconeIsPresent" time="0.188" classname="Peugeot.HPCompFrTest"/>
  <testcase name="GotFacebookPageWhenClickingTheFacebookIcone" time="7.256" classname="Peugeot.HPCompFrTest"/>
  <testcase name="TheUserGeneralConditionsTextIsPresent" time="0.156" classname="Peugeot.HPCompFrTest"/>
  <testcase name="TheCookiesTextIsPresent" time="0.120" classname="Peugeot.HPCompFrTest"/>
  <testcase name="GotTheUserGeneralConditionsPDF" time="3.628" classname="Peugeot.HPCompFrTest"/>
  <testcase name="GotTheCookiesPopUp" time="6.308" classname="Peugeot.HPCompFrTest"/>
  <testcase name="TheMySaveIconIsDisplayed" time="0.068" classname="Peugeot.HPCompFrTest"/>
  <testcase name="TheMySaveTextIsDisplayed" time="0.084" classname="Peugeot.HPCompFrTest"/>
  <testcase name="TheNeedHelpIconeIsDisplayed" time="0.072" classname="Peugeot.HPCompFrTest"/>
  <testcase name="TheNeedHelpTextIsDisplayed" time="0.096" classname="Peugeot.HPCompFrTest"/>
  <testcase name="GotAPopupWhenClickingOnNeedHelpBotton" time="3.840" classname="Peugeot.HPCompFrTest"/>
  <testcase name="TheTwiterIconeIsPresent" time="0.084" classname="Peugeot.HPCompFrTest"/>
  <testcase name="TheYoutubeIconeIsPresent" time="0.092" classname="Peugeot.HPCompFrTest"/>
  <testcase name="GotTwiterPageWhenClickingTheTwiterIcone" time="5.460" classname="Peugeot.HPCompFrTest"/>
  <testcase name="GotYoutubePageWhenClickingTheyoutubeIcone" time="5.816" classname="Peugeot.HPCompFrTest"/>
  <testcase name="TheSellGeneralConditionsTextIsPresent" time="0.127" classname="Peugeot.HPCompFrTest"/>
  <testcase name="GotTheSellGeneralConditionsPDF" time="3.413" classname="Peugeot.HPCompFrTest"/>
</testsuite> <!-- Peugeot.HPCompFrTest -->
