<?xml version="1.0" encoding="UTF-8"?>
<!-- Generated by org.testng.reporters.JUnitReportReporter -->
<testsuite skipped="0" hostname="B1009809" name="Citroën.HPCompFrTest" tests="22" failures="0" timestamp="22 May 2019 08:18:56 GMT" time="33.155" errors="0">
  <testcase name="ThePageTitleisCorrect" time="0.068" classname="Citroën.HPCompFrTest"/>
  <testcase name="ThePageTitleBrandisCorrect" time="0.136" classname="Citroën.HPCompFrTest"/>
  <testcase name="ThePeugeotLogoIsDisplayed" time="0.096" classname="Citroën.HPCompFrTest"/>
  <testcase name="TheTextUnderThePageTitleIsCorrect" time="0.244" classname="Citroën.HPCompFrTest"/>
  <testcase name="GotToHomePageWhenClickingOnTheCitënLogo" time="4.422" classname="Citroën.HPCompFrTest"/>
  <testcase name="TheFacebookIconeIsPresent" time="0.092" classname="Citroën.HPCompFrTest"/>
  <testcase name="GotFacebookPageWhenClickingTheFacebookIcone" time="3.508" classname="Citroën.HPCompFrTest"/>
  <testcase name="TheUserGeneralConditionsTextIsPresent" time="0.092" classname="Citroën.HPCompFrTest"/>
  <testcase name="TheCookiesTextIsPresent" time="0.084" classname="Citroën.HPCompFrTest"/>
  <testcase name="GotTheUserGeneralConditionsPDF" time="3.664" classname="Citroën.HPCompFrTest"/>
  <testcase name="GotTheCookiesPopUp" time="3.691" classname="Citroën.HPCompFrTest"/>
  <testcase name="TheMySaveIconIsDisplayed" time="0.072" classname="Citroën.HPCompFrTest"/>
  <testcase name="TheMySaveTextIsDisplayed" time="0.136" classname="Citroën.HPCompFrTest"/>
  <testcase name="TheNeedHelpIconeIsDisplayed" time="0.088" classname="Citroën.HPCompFrTest"/>
  <testcase name="TheNeedHelpTextIsDisplayed" time="0.096" classname="Citroën.HPCompFrTest"/>
  <testcase name="GotAPopupWhenClickingOnNeedHelpBotton" time="3.527" classname="Citroën.HPCompFrTest"/>
  <testcase name="TheTwiterIconeIsPresent" time="0.076" classname="Citroën.HPCompFrTest"/>
  <testcase name="TheYoutubeIconeIsPresent" time="0.088" classname="Citroën.HPCompFrTest"/>
  <testcase name="GotTwiterPageWhenClickingTheTwiterIcone" time="4.148" classname="Citroën.HPCompFrTest"/>
  <testcase name="GotYoutubePageWhenClickingTheyoutubeIcone" time="5.137" classname="Citroën.HPCompFrTest"/>
  <testcase name="TheSellGeneralConditionsTextIsPresent" time="0.080" classname="Citroën.HPCompFrTest"/>
  <testcase name="GotTheSellGeneralConditionsPDF" time="3.610" classname="Citroën.HPCompFrTest"/>
</testsuite> <!-- Citroën.HPCompFrTest -->
