<?xml version="1.0" encoding="UTF-8"?>
<!-- Generated by org.testng.reporters.JUnitReportReporter -->
<testsuite skipped="0" hostname="B1009809" name="Peugeot.PreProdHomePageComponentsPeugeotFranceTest" tests="20" failures="0" timestamp="10 avr. 2019 12:51:04 GMT" time="30.450" errors="0">
  <testcase name="ThePeugeotLogoIsDisplayed" time="0.120" classname="Peugeot.PreProdHomePageComponentsPeugeotFranceTest"/>
  <testcase name="TheMySaveIconIsDisplayed" time="0.044" classname="Peugeot.PreProdHomePageComponentsPeugeotFranceTest"/>
  <testcase name="TheMySaveTextIsDisplayed" time="0.040" classname="Peugeot.PreProdHomePageComponentsPeugeotFranceTest"/>
  <testcase name="TheNeedHelpIconeIsDisplayed" time="0.040" classname="Peugeot.PreProdHomePageComponentsPeugeotFranceTest"/>
  <testcase name="TheNeedHelpTextIsDisplayed" time="0.044" classname="Peugeot.PreProdHomePageComponentsPeugeotFranceTest"/>
  <testcase name="TheTextUnderThePageTitleIsCorrect" time="0.080" classname="Peugeot.PreProdHomePageComponentsPeugeotFranceTest"/>
  <testcase name="GotToHomePageWhenClickingOnThePeugeotLogo" time="3.535" classname="Peugeot.PreProdHomePageComponentsPeugeotFranceTest"/>
  <testcase name="GotAPopupWhenClickingOnNeedHelpBotton" time="3.365" classname="Peugeot.PreProdHomePageComponentsPeugeotFranceTest"/>
  <testcase name="TheTwiterIconeIsPresent" time="0.064" classname="Peugeot.PreProdHomePageComponentsPeugeotFranceTest"/>
  <testcase name="TheFacebookIconeIsPresent" time="0.036" classname="Peugeot.PreProdHomePageComponentsPeugeotFranceTest"/>
  <testcase name="TheYoutubeIconeIsPresent" time="0.040" classname="Peugeot.PreProdHomePageComponentsPeugeotFranceTest"/>
  <testcase name="GotTwiterPageWhenClickingTheTwiterIcone" time="3.924" classname="Peugeot.PreProdHomePageComponentsPeugeotFranceTest"/>
  <testcase name="GotFacebookPageWhenClickingTheFacebookIcone" time="3.583" classname="Peugeot.PreProdHomePageComponentsPeugeotFranceTest"/>
  <testcase name="GotYoutubePageWhenClickingTheyoutubeIcone" time="4.676" classname="Peugeot.PreProdHomePageComponentsPeugeotFranceTest"/>
  <testcase name="TheUserGeneralConditionsTextIsPresent" time="0.104" classname="Peugeot.PreProdHomePageComponentsPeugeotFranceTest"/>
  <testcase name="TheSellGeneralConditionsTextIsPresent" time="0.040" classname="Peugeot.PreProdHomePageComponentsPeugeotFranceTest"/>
  <testcase name="TheCookiesTextIsPresent" time="0.036" classname="Peugeot.PreProdHomePageComponentsPeugeotFranceTest"/>
  <testcase name="GotTheUserGeneralConditionsPDF" time="3.422" classname="Peugeot.PreProdHomePageComponentsPeugeotFranceTest"/>
  <testcase name="GotTheSellGeneralConditionsPDF" time="3.522" classname="Peugeot.PreProdHomePageComponentsPeugeotFranceTest"/>
  <testcase name="GotTheCookiesPopUp" time="3.735" classname="Peugeot.PreProdHomePageComponentsPeugeotFranceTest"/>
</testsuite> <!-- Peugeot.PreProdHomePageComponentsPeugeotFranceTest -->
