<?xml version="1.0" encoding="UTF-8"?>
<!-- Generated by org.testng.reporters.JUnitReportReporter -->
<testsuite skipped="0" hostname="B1009809" name="Citroën.LeadsTest" tests="5" failures="0" timestamp="07 juin 2019 14:18:00 GMT" time="80.207" errors="0">
  <testcase name="TheLeadHAvebeenSubmittedForCitroënFrance" time="14.992" classname="Citroën.LeadsTest"/>
  <testcase name="TheLeadHAvebeenSubmittedForCitroënSpain" time="16.229" classname="Citroën.LeadsTest"/>
  <testcase name="TheLeadHAvebeenSubmittedForCitroënItaly" time="14.587" classname="Citroën.LeadsTest"/>
  <testcase name="TheLeadHAvebeenSubmittedForCitroënBelgiumFR" time="17.215" classname="Citroën.LeadsTest"/>
  <testcase name="TheLeadHAvebeenSubmittedForCitroënBelgiumNL" time="17.184" classname="Citroën.LeadsTest"/>
</testsuite> <!-- Citroën.LeadsTest -->
