<?xml version="1.0" encoding="UTF-8"?>
<!-- Generated by org.testng.reporters.JUnitReportReporter -->
<testsuite skipped="0" hostname="B1009809" name="Citroën.HPCompESTest" tests="13" failures="1" timestamp="22 May 2019 08:18:56 GMT" time="28.264" errors="0">
  <testcase name="ThePageTitleisCorrect" time="0.165" classname="Citroën.HPCompESTest"/>
  <testcase name="ThePageTitleBrandisCorrect" time="0.120" classname="Citroën.HPCompESTest"/>
  <testcase name="ThePeugeotLogoIsDisplayed" time="0.108" classname="Citroën.HPCompESTest"/>
  <testcase name="TheTextUnderThePageTitleIsCorrect" time="0.132" classname="Citroën.HPCompESTest"/>
  <testcase name="GotToHomePageWhenClickingOnTheCitënLogo" time="5.658" classname="Citroën.HPCompESTest"/>
  <testcase name="TheFacebookIconeIsPresent" time="0.092" classname="Citroën.HPCompESTest"/>
  <testcase name="GotFacebookPageWhenClickingTheFacebookIcone" time="3.698" classname="Citroën.HPCompESTest">
    <failure type="java.lang.AssertionError">
      <![CDATA[java.lang.AssertionError
at Citroën.HPCompESTest.GotFacebookPageWhenClickingTheFacebookIcone(HPCompESTest.java:77)
at sun.reflect.NativeMethodAccessorImpl.invoke0(Native Method)
at sun.reflect.NativeMethodAccessorImpl.invoke(NativeMethodAccessorImpl.java:62)
at sun.reflect.DelegatingMethodAccessorImpl.invoke(DelegatingMethodAccessorImpl.java:43)
at java.lang.reflect.Method.invoke(Method.java:498)
at org.testng.internal.MethodInvocationHelper.invokeMethod(MethodInvocationHelper.java:124)
at org.testng.internal.Invoker.invokeMethod(Invoker.java:580)
at org.testng.internal.Invoker.invokeTestMethod(Invoker.java:716)
at org.testng.internal.Invoker.invokeTestMethods(Invoker.java:988)
at org.testng.internal.TestMethodWorker.invokeTestMethods(TestMethodWorker.java:125)
at org.testng.internal.TestMethodWorker.run(TestMethodWorker.java:109)
at java.util.concurrent.ThreadPoolExecutor.runWorker(ThreadPoolExecutor.java:1149)
at java.util.concurrent.ThreadPoolExecutor$Worker.run(ThreadPoolExecutor.java:624)
at java.lang.Thread.run(Thread.java:748)
]]>
    </failure>
  </testcase> <!-- GotFacebookPageWhenClickingTheFacebookIcone -->
  <testcase name="TheTwiterIconeIsPresent" time="0.120" classname="Citroën.HPCompESTest"/>
  <testcase name="GotTwiterPageWhenClickingTheTwiterIcone" time="10.445" classname="Citroën.HPCompESTest"/>
  <testcase name="TheUserGeneralConditionsTextIsPresent" time="0.104" classname="Citroën.HPCompESTest"/>
  <testcase name="GotTheUserGeneralConditionsPDF" time="3.857" classname="Citroën.HPCompESTest"/>
  <testcase name="GotTheCookiesPopUp" time="3.705" classname="Citroën.HPCompESTest"/>
  <testcase name="TheCookiesTextIsPresent" time="0.060" classname="Citroën.HPCompESTest"/>
</testsuite> <!-- Citroën.HPCompESTest -->
