<?xml version="1.0" encoding="UTF-8"?>
<!-- Generated by org.testng.reporters.JUnitReportReporter -->
<testsuite skipped="0" hostname="B1009809" name="Peugeot.HPTest" tests="8" failures="0" timestamp="20 mai 2019 22:08:04 GMT" time="329.700" errors="0">
  <testcase name="TheNumberOfofferschangeWhenChosingAModelAndLocation" time="65.283" classname="Peugeot.HPTest"/>
  <testcase name="TheNumberOfofferschangeWhenChosingAModelAndLocation" time="48.018" classname="Peugeot.HPTest"/>
  <testcase name="ThePriceChangesWhenModelChange" time="29.675" classname="Peugeot.HPTest"/>
  <testcase name="ThePriceChangesWhenModelChange" time="22.143" classname="Peugeot.HPTest"/>
  <testcase name="TheNumberOfofferschangeWhenChosingAModelAndLocation" time="53.930" classname="Peugeot.HPTest"/>
  <testcase name="TheNumberOfofferschangeWhenChosingAModelAndLocation" time="60.216" classname="Peugeot.HPTest"/>
  <testcase name="ThePriceChangesWhenModelChange" time="25.879" classname="Peugeot.HPTest"/>
  <testcase name="ThePriceChangesWhenModelChange" time="24.556" classname="Peugeot.HPTest"/>
</testsuite> <!-- Peugeot.HPTest -->
