<?xml version="1.0" encoding="UTF-8"?>
<!-- Generated by org.testng.reporters.JUnitReportReporter -->
<testsuite skipped="0" hostname="B1009809" name="Citroën.HPCompItTest" tests="15" failures="2" timestamp="22 May 2019 08:18:56 GMT" time="37.320" errors="0">
  <testcase name="ThePageTitleisCorrect" time="0.104" classname="Citroën.HPCompItTest"/>
  <testcase name="ThePageTitleBrandisCorrect" time="0.104" classname="Citroën.HPCompItTest"/>
  <testcase name="ThePeugeotLogoIsDisplayed" time="0.084" classname="Citroën.HPCompItTest"/>
  <testcase name="TheTextUnderThePageTitleIsCorrect" time="0.080" classname="Citroën.HPCompItTest"/>
  <testcase name="GotToHomePageWhenClickingOnTheCitënLogo" time="9.309" classname="Citroën.HPCompItTest"/>
  <testcase name="TheFacebookIconeIsPresent" time="0.088" classname="Citroën.HPCompItTest"/>
  <testcase name="GotFacebookPageWhenClickingTheFacebookIcone" time="3.563" classname="Citroën.HPCompItTest">
    <failure type="java.lang.AssertionError">
      <![CDATA[java.lang.AssertionError
at Citroën.HPCompItTest.GotFacebookPageWhenClickingTheFacebookIcone(HPCompItTest.java:77)
at sun.reflect.NativeMethodAccessorImpl.invoke0(Native Method)
at sun.reflect.NativeMethodAccessorImpl.invoke(NativeMethodAccessorImpl.java:62)
at sun.reflect.DelegatingMethodAccessorImpl.invoke(DelegatingMethodAccessorImpl.java:43)
at java.lang.reflect.Method.invoke(Method.java:498)
at org.testng.internal.MethodInvocationHelper.invokeMethod(MethodInvocationHelper.java:124)
at org.testng.internal.Invoker.invokeMethod(Invoker.java:580)
at org.testng.internal.Invoker.invokeTestMethod(Invoker.java:716)
at org.testng.internal.Invoker.invokeTestMethods(Invoker.java:988)
at org.testng.internal.TestMethodWorker.invokeTestMethods(TestMethodWorker.java:125)
at org.testng.internal.TestMethodWorker.run(TestMethodWorker.java:109)
at java.util.concurrent.ThreadPoolExecutor.runWorker(ThreadPoolExecutor.java:1149)
at java.util.concurrent.ThreadPoolExecutor$Worker.run(ThreadPoolExecutor.java:624)
at java.lang.Thread.run(Thread.java:748)
]]>
    </failure>
  </testcase> <!-- GotFacebookPageWhenClickingTheFacebookIcone -->
  <testcase name="TheTwiterIconeIsPresent" time="0.104" classname="Citroën.HPCompItTest"/>
  <testcase name="GotTwiterPageWhenClickingTheTwiterIcone" time="10.022" classname="Citroën.HPCompItTest">
    <failure type="java.lang.AssertionError">
      <![CDATA[java.lang.AssertionError
at Citroën.HPCompItTest.GotTwiterPageWhenClickingTheTwiterIcone(HPCompItTest.java:89)
at sun.reflect.NativeMethodAccessorImpl.invoke0(Native Method)
at sun.reflect.NativeMethodAccessorImpl.invoke(NativeMethodAccessorImpl.java:62)
at sun.reflect.DelegatingMethodAccessorImpl.invoke(DelegatingMethodAccessorImpl.java:43)
at java.lang.reflect.Method.invoke(Method.java:498)
at org.testng.internal.MethodInvocationHelper.invokeMethod(MethodInvocationHelper.java:124)
at org.testng.internal.Invoker.invokeMethod(Invoker.java:580)
at org.testng.internal.Invoker.invokeTestMethod(Invoker.java:716)
at org.testng.internal.Invoker.invokeTestMethods(Invoker.java:988)
at org.testng.internal.TestMethodWorker.invokeTestMethods(TestMethodWorker.java:125)
at org.testng.internal.TestMethodWorker.run(TestMethodWorker.java:109)
at java.util.concurrent.ThreadPoolExecutor.runWorker(ThreadPoolExecutor.java:1149)
at java.util.concurrent.ThreadPoolExecutor$Worker.run(ThreadPoolExecutor.java:624)
at java.lang.Thread.run(Thread.java:748)
]]>
    </failure>
  </testcase> <!-- GotTwiterPageWhenClickingTheTwiterIcone -->
  <testcase name="GotTheUserGeneralConditionsPDF" time="4.158" classname="Citroën.HPCompItTest"/>
  <testcase name="TheUserGeneralConditionsTextIsPresent" time="0.124" classname="Citroën.HPCompItTest"/>
  <testcase name="GotTheCookiesPopUp" time="3.640" classname="Citroën.HPCompItTest"/>
  <testcase name="TheCookiesTextIsPresent" time="0.060" classname="Citroën.HPCompItTest"/>
  <testcase name="TheYoutubeIconeIsPresent" time="0.088" classname="Citroën.HPCompItTest"/>
  <testcase name="GotYoutubePageWhenClickingTheyoutubeIcone" time="5.792" classname="Citroën.HPCompItTest"/>
</testsuite> <!-- Citroën.HPCompItTest -->
