<?xml version="1.0" encoding="UTF-8"?>
<!-- Generated by org.testng.reporters.JUnitReportReporter -->
<testsuite skipped="0" hostname="B1009809" name="DS.LeadsTest" tests="5" failures="0" timestamp="22 mai 2019 08:25:12 GMT" time="68.396" errors="0">
  <testcase name="TheLeadHAvebeenSubmittedForDSFrance" time="13.367" classname="DS.LeadsTest"/>
  <testcase name="TheLeadHAvebeenSubmittedForDSSpain" time="11.353" classname="DS.LeadsTest"/>
  <testcase name="TheLeadHAvebeenSubmittedForDSItaly" time="13.783" classname="DS.LeadsTest"/>
  <testcase name="TheLeadHAvebeenSubmittedForDSBelgiumFR" time="15.441" classname="DS.LeadsTest"/>
  <testcase name="TheLeadHAvebeenSubmittedForDSBelgiumNL" time="14.452" classname="DS.LeadsTest"/>
</testsuite> <!-- DS.LeadsTest -->
