<?xml version="1.0" encoding="UTF-8"?>
<!-- Generated by org.testng.reporters.JUnitReportReporter -->
<testsuite skipped="0" hostname="B1009809" name="Peugeot.TestFunctions" tests="1" failures="0" timestamp="24 avr. 2019 16:14:53 GMT" time="115.178" errors="0">
  <testcase name="TheListOfModels" time="115.178" classname="Peugeot.TestFunctions"/>
</testsuite> <!-- Peugeot.TestFunctions -->
