<?xml version="1.0" encoding="UTF-8"?>
<!-- Generated by org.testng.reporters.JUnitReportReporter -->
<testsuite skipped="0" hostname="B1009809" name="Citroën.LeadsTest" tests="5" failures="0" timestamp="22 mai 2019 08:25:12 GMT" time="65.888" errors="0">
  <testcase name="TheLeadHAvebeenSubmittedForCitroënFrance" time="12.703" classname="Citroën.LeadsTest"/>
  <testcase name="TheLeadHAvebeenSubmittedForCitroënSpain" time="13.127" classname="Citroën.LeadsTest"/>
  <testcase name="TheLeadHAvebeenSubmittedForCitroënItaly" time="11.922" classname="Citroën.LeadsTest"/>
  <testcase name="TheLeadHAvebeenSubmittedForCitroënBelgiumFR" time="13.092" classname="Citroën.LeadsTest"/>
  <testcase name="TheLeadHAvebeenSubmittedForCitroënBelgiumNL" time="15.044" classname="Citroën.LeadsTest"/>
</testsuite> <!-- Citroën.LeadsTest -->
