<?xml version="1.0" encoding="UTF-8"?>
<!-- Generated by org.testng.reporters.JUnitReportReporter -->
<testsuite skipped="0" hostname="B1009809" name="Peugeot.HPCompESTest" tests="9" failures="0" timestamp="22 May 2019 08:18:56 GMT" time="19.844" errors="0">
  <testcase name="ThePeugeotLogoIsDisplayed" time="0.325" classname="Peugeot.HPCompESTest"/>
  <testcase name="TheTextUnderThePageTitleIsCorrect" time="0.092" classname="Peugeot.HPCompESTest"/>
  <testcase name="GotToHomePageWhenClickingOnThePeugeotLogo" time="8.184" classname="Peugeot.HPCompESTest"/>
  <testcase name="TheFacebookIconeIsPresent" time="0.214" classname="Peugeot.HPCompESTest"/>
  <testcase name="GotFacebookPageWhenClickingTheFacebookIcone" time="3.644" classname="Peugeot.HPCompESTest"/>
  <testcase name="TheUserGeneralConditionsTextIsPresent" time="0.120" classname="Peugeot.HPCompESTest"/>
  <testcase name="TheCookiesTextIsPresent" time="0.104" classname="Peugeot.HPCompESTest"/>
  <testcase name="GotTheUserGeneralConditionsPage" time="3.551" classname="Peugeot.HPCompESTest"/>
  <testcase name="GotTheCookiesPopUp" time="3.610" classname="Peugeot.HPCompESTest"/>
</testsuite> <!-- Peugeot.HPCompESTest -->
