<?xml version="1.0" encoding="UTF-8"?>
<!-- Generated by org.testng.reporters.JUnitReportReporter -->
<testsuite skipped="0" hostname="B1009809" name="Peugeot.HPCompItTest" tests="13" failures="0" timestamp="04 Jun 2019 15:58:12 GMT" time="26.892" errors="0">
  <testcase name="ThePeugeotLogoIsDisplayed" time="0.627" classname="Peugeot.HPCompItTest"/>
  <testcase name="TheTextUnderThePageTitleIsCorrect" time="0.124" classname="Peugeot.HPCompItTest"/>
  <testcase name="GotToHomePageWhenClickingOnThePeugeotLogo" time="8.075" classname="Peugeot.HPCompItTest"/>
  <testcase name="TheTwiterIconeIsPresent" time="0.216" classname="Peugeot.HPCompItTest"/>
  <testcase name="TheFacebookIconeIsPresent" time="0.077" classname="Peugeot.HPCompItTest"/>
  <testcase name="TheYoutubeIconeIsPresent" time="0.116" classname="Peugeot.HPCompItTest"/>
  <testcase name="GotTwiterPageWhenClickingTheTwiterIcone" time="3.505" classname="Peugeot.HPCompItTest"/>
  <testcase name="GotFacebookPageWhenClickingTheFacebookIcone" time="3.437" classname="Peugeot.HPCompItTest"/>
  <testcase name="GotYoutubePageWhenClickingTheyoutubeIcone" time="3.333" classname="Peugeot.HPCompItTest"/>
  <testcase name="TheUserGeneralConditionsTextIsPresent" time="0.088" classname="Peugeot.HPCompItTest"/>
  <testcase name="TheCookiesTextIsPresent" time="0.108" classname="Peugeot.HPCompItTest"/>
  <testcase name="GotTheGeneralInformationPage" time="3.448" classname="Peugeot.HPCompItTest"/>
  <testcase name="GotTheCookiesPopUp" time="3.738" classname="Peugeot.HPCompItTest"/>
</testsuite> <!-- Peugeot.HPCompItTest -->
